[ 2025-04-12 17:48:49,619 ] 45 root - INFO - Received cargo items: [CargoItem(cargo_type='FCL', number_of_packages=1, container_number='', master_bill_of_lading_number=None, house_bill_of_lading_number=None)]
[ 2025-04-12 17:48:49,619 ] 74 root - INFO - Generated EDI segments: ["LIN+1+I'\nPAC+++FCL:67:95'\nPAC+1+1'\nPCI+1'"]
[ 2025-04-12 19:16:55,923 ] 94 root - INFO - Received EDI content: 
[ 2025-04-12 19:16:57,773 ] 45 root - INFO - Received cargo items: [CargoItem(cargo_type='FCL', number_of_packages=1, container_number='', master_bill_of_lading_number=None, house_bill_of_lading_number=None)]
[ 2025-04-12 19:16:57,773 ] 74 root - INFO - Generated EDI segments: ["LIN+1+I'\nPAC+++FCL:67:95'\nPAC+1+1'\nPCI+1'"]
[ 2025-04-12 19:17:07,350 ] 45 root - INFO - Received cargo items: [CargoItem(cargo_type='FCL', number_of_packages=1, container_number='', master_bill_of_lading_number=None, house_bill_of_lading_number=None), CargoItem(cargo_type='LCL', number_of_packages=1, container_number='', master_bill_of_lading_number=None, house_bill_of_lading_number=None)]
[ 2025-04-12 19:17:07,350 ] 74 root - INFO - Generated EDI segments: ["LIN+1+I'\nPAC+++FCL:67:95'\nPAC+1+1'\nPCI+1'", "LIN+2+I'\nPAC+++LCL:67:95'\nPAC+1+1'\nPCI+1'"]
[ 2025-04-13 17:06:37,073 ] 45 root - INFO - Received cargo items: [CargoItem(cargo_type='FCL', number_of_packages=1, container_number='', master_bill_of_lading_number='', house_bill_of_lading_number='dasd')]
[ 2025-04-13 17:06:37,073 ] 74 root - INFO - Generated EDI segments: ["LIN+1+I'\nPAC+++FCL:67:95'\nPAC+1+1'\nPCI+1'\nRFF+BH:dasd'"]
[ 2025-04-13 17:09:51,431 ] 45 root - INFO - Received cargo items: [CargoItem(cargo_type='FCL', number_of_packages=1, container_number='geksd390', master_bill_of_lading_number='dsahfb235', house_bill_of_lading_number='fg254jf')]
[ 2025-04-13 17:09:51,432 ] 74 root - INFO - Generated EDI segments: ["LIN+1+I'\nPAC+++FCL:67:95'\nPAC+1+1'\nPCI+1'\nRFF+AAQ:geksd390'\nPCI+1'\nRFF+MB:dsahfb235'\nPCI+1'\nRFF+BH:fg254jf'"]
[ 2025-04-13 17:09:53,625 ] 45 root - INFO - Received cargo items: [CargoItem(cargo_type='FCL', number_of_packages=1, container_number='geksd390', master_bill_of_lading_number='dsahfb235', house_bill_of_lading_number='fg254jf')]
[ 2025-04-13 17:09:53,627 ] 74 root - INFO - Generated EDI segments: ["LIN+1+I'\nPAC+++FCL:67:95'\nPAC+1+1'\nPCI+1'\nRFF+AAQ:geksd390'\nPCI+1'\nRFF+MB:dsahfb235'\nPCI+1'\nRFF+BH:fg254jf'"]
[ 2025-04-13 17:09:53,883 ] 45 root - INFO - Received cargo items: [CargoItem(cargo_type='FCL', number_of_packages=1, container_number='geksd390', master_bill_of_lading_number='dsahfb235', house_bill_of_lading_number='fg254jf')]
[ 2025-04-13 17:09:53,883 ] 74 root - INFO - Generated EDI segments: ["LIN+1+I'\nPAC+++FCL:67:95'\nPAC+1+1'\nPCI+1'\nRFF+AAQ:geksd390'\nPCI+1'\nRFF+MB:dsahfb235'\nPCI+1'\nRFF+BH:fg254jf'"]
[ 2025-04-13 17:09:54,043 ] 45 root - INFO - Received cargo items: [CargoItem(cargo_type='FCL', number_of_packages=1, container_number='geksd390', master_bill_of_lading_number='dsahfb235', house_bill_of_lading_number='fg254jf')]
[ 2025-04-13 17:09:54,043 ] 74 root - INFO - Generated EDI segments: ["LIN+1+I'\nPAC+++FCL:67:95'\nPAC+1+1'\nPCI+1'\nRFF+AAQ:geksd390'\nPCI+1'\nRFF+MB:dsahfb235'\nPCI+1'\nRFF+BH:fg254jf'"]
[ 2025-04-13 17:09:54,218 ] 45 root - INFO - Received cargo items: [CargoItem(cargo_type='FCL', number_of_packages=1, container_number='geksd390', master_bill_of_lading_number='dsahfb235', house_bill_of_lading_number='fg254jf')]
[ 2025-04-13 17:09:54,219 ] 74 root - INFO - Generated EDI segments: ["LIN+1+I'\nPAC+++FCL:67:95'\nPAC+1+1'\nPCI+1'\nRFF+AAQ:geksd390'\nPCI+1'\nRFF+MB:dsahfb235'\nPCI+1'\nRFF+BH:fg254jf'"]
[ 2025-04-13 17:11:48,795 ] 45 root - INFO - Received cargo items: [CargoItem(cargo_type='FCL', number_of_packages=1, container_number='geksd390', master_bill_of_lading_number='dsahfb235', house_bill_of_lading_number='fg254jf')]
[ 2025-04-13 17:11:48,796 ] 74 root - INFO - Generated EDI segments: ["LIN+1+I'\nPAC+++FCL:67:95'\nPAC+1+1'\nPCI+1'\nRFF+AAQ:geksd390'\nPCI+1'\nRFF+MB:dsahfb235'\nPCI+1'\nRFF+BH:fg254jf'"]
[ 2025-04-13 17:14:31,746 ] 45 root - INFO - Received cargo items: [CargoItem(cargo_type='FCL', number_of_packages=1, container_number='geksd390', master_bill_of_lading_number='dsahfb235', house_bill_of_lading_number='fg254jf'), CargoItem(cargo_type='FCL', number_of_packages=1, container_number='', master_bill_of_lading_number=None, house_bill_of_lading_number=None), CargoItem(cargo_type='FCL', number_of_packages=1, container_number='', master_bill_of_lading_number=None, house_bill_of_lading_number=None)]
[ 2025-04-13 17:14:31,746 ] 74 root - INFO - Generated EDI segments: ["LIN+1+I'\nPAC+++FCL:67:95'\nPAC+1+1'\nPCI+1'\nRFF+AAQ:geksd390'\nPCI+1'\nRFF+MB:dsahfb235'\nPCI+1'\nRFF+BH:fg254jf'", "LIN+2+I'\nPAC+++FCL:67:95'\nPAC+1+1'\nPCI+1'", "LIN+3+I'\nPAC+++FCL:67:95'\nPAC+1+1'\nPCI+1'"]
[ 2025-04-13 17:19:28,933 ] 45 root - INFO - Received cargo items: [CargoItem(cargo_type='FCL', number_of_packages=1, container_number='', master_bill_of_lading_number=None, house_bill_of_lading_number=None), CargoItem(cargo_type='LCL', number_of_packages=1, container_number='a', master_bill_of_lading_number=None, house_bill_of_lading_number=None)]
[ 2025-04-13 17:19:28,935 ] 74 root - INFO - Generated EDI segments: ["LIN+1+I'\nPAC+++FCL:67:95'\nPAC+1+1'\nPCI+1'", "LIN+2+I'\nPAC+++LCL:67:95'\nPAC+1+1'\nPCI+1'\nRFF+AAQ:a'\nPCI+1'"]
[ 2025-04-13 17:19:56,867 ] 45 root - INFO - Received cargo items: [CargoItem(cargo_type='FCL', number_of_packages=1, container_number='geksd390', master_bill_of_lading_number='dsahfb235', house_bill_of_lading_number='fg254jf'), CargoItem(cargo_type='FCL', number_of_packages=1, container_number='', master_bill_of_lading_number='dsjdklas', house_bill_of_lading_number='dasmnvbnjvlsdf'), CargoItem(cargo_type='FCL', number_of_packages=1, container_number='', master_bill_of_lading_number=None, house_bill_of_lading_number=None)]
[ 2025-04-13 17:19:56,867 ] 74 root - INFO - Generated EDI segments: ["LIN+1+I'\nPAC+++FCL:67:95'\nPAC+1+1'\nPCI+1'\nRFF+AAQ:geksd390'\nPCI+1'\nRFF+MB:dsahfb235'\nPCI+1'\nRFF+BH:fg254jf'", "LIN+2+I'\nPAC+++FCL:67:95'\nPAC+1+1'\nPCI+1'\nRFF+MB:dsjdklas'\nPCI+1'\nRFF+BH:dasmnvbnjvlsdf'", "LIN+3+I'\nPAC+++FCL:67:95'\nPAC+1+1'\nPCI+1'"]
